\BOOKMARK [1][-]{section.1}{Introduction}{}% 1
\BOOKMARK [1][-]{section.2}{Data and methods}{}% 2
\BOOKMARK [2][-]{subsection.2.1}{Study area and soil data}{section.2}% 3
\BOOKMARK [2][-]{subsection.2.2}{SEPP - Soil Evaluation for Planning Procedures}{section.2}% 4
\BOOKMARK [3][-]{subsubsection.2.2.1}{Potential as a habitat for drought-tolerant species}{subsection.2.2}% 5
\BOOKMARK [3][-]{subsubsection.2.2.2}{Potential as a habitat for moisture-tolerant species}{subsection.2.2}% 6
\BOOKMARK [3][-]{subsubsection.2.2.3}{Habitat for soil organisms}{subsection.2.2}% 7
\BOOKMARK [3][-]{subsubsection.2.2.4}{Habitat for crops}{subsection.2.2}% 8
\BOOKMARK [3][-]{subsubsection.2.2.5}{Average and minimum precipitation retention capacity}{subsection.2.2}% 9
\BOOKMARK [3][-]{subsubsection.2.2.6}{Retention capacity for heavy precipitation events}{subsection.2.2}% 10
\BOOKMARK [3][-]{subsubsection.2.2.7}{groundwater reformation rate}{subsection.2.2}% 11
\BOOKMARK [3][-]{subsubsection.2.2.8}{Potential for providing nutrients for plants}{subsection.2.2}% 12
\BOOKMARK [3][-]{subsubsection.2.2.9}{Potential as a CO2 sink}{subsection.2.2}% 13
\BOOKMARK [3][-]{subsubsection.2.2.10}{Potential for retention of heavy metals}{subsection.2.2}% 14
\BOOKMARK [3][-]{subsubsection.2.2.11}{Potential for transforming organic contaminants}{subsection.2.2}% 15
\BOOKMARK [3][-]{subsubsection.2.2.12}{Potential as filter and buffer for organic contaminants•}{subsection.2.2}% 16
\BOOKMARK [3][-]{subsubsection.2.2.13}{Potential for retention of water-soluble contaminants}{subsection.2.2}% 17
\BOOKMARK [3][-]{subsubsection.2.2.14}{Potential as buffer for acidic contaminants}{subsection.2.2}% 18
\BOOKMARK [1][-]{section.3}{Results}{}% 19
\BOOKMARK [1][-]{section.4}{Conclusion}{}% 20
